Line 18: Class JURA.ThemedComboBox of control ThemedComboBox1 was not a loaded control class.
Line 24: Class vkUserContolsXP.vkCommand of control cmdPrint was not a loaded control class.
Line 43: Class vkUserContolsXP.vkCommand of control cmdOrder was not a loaded control class.
Line 62: Class vkUserContolsXP.vkCommand of control cmdOK was not a loaded control class.
Line 81: Class vkUserContolsXP.vkFrame of control fReport was not a loaded control class.
Line 101: Class vkUserContolsXP.vkLabel of control lblSec was not a loaded control class.
Line 138: Class vkUserContolsXP.vkLabel of control lblSem was not a loaded control class.
Line 158: Class vkUserContolsXP.vkLabel of control lblBatch was not a loaded control class.
Line 178: Class vkUserContolsXP.vkLabel of control lblDept was not a loaded control class.
Line 216: Class JURA.StylerButton of control cmdClose was not a loaded control class.
Line 239: Class JURA.StylerButton of control cmdMin was not a loaded control class.
Line 262: Class vkUserContolsXP.vkFrame of control frameStudName was not a loaded control class.
Line 283: Class vkUserContolsXP.vkLabel of control lblInfo was not a loaded control class.
Line 305: Class vkUserContolsXP.vkLabel of control lblPassPercentage was not a loaded control class.
Line 351: Class MSHierarchicalFlexGridLib.MSHFlexGrid of control MSHFlexGrid3 was not a loaded control class.
Line 383: Class JURA.StylerButton of control btnUp was not a loaded control class.
Line 405: Class JURA.StylerButton of control btnDown was not a loaded control class.
Line 445: Class vkUserContolsXP.vkFrame of control vkFrame2 was not a loaded control class.
Line 465: Class vkUserContolsXP.vkCommand of control cmdBest was not a loaded control class.
Line 484: Class vkUserContolsXP.vkLabel of control lblArrears was not a loaded control class.
Line 505: Class vkUserContolsXP.vkLabel of control lblArrears was not a loaded control class.
Line 526: Class vkUserContolsXP.vkLabel of control lblArrears was not a loaded control class.
Line 547: Class vkUserContolsXP.vkLabel of control lblArrears was not a loaded control class.
Line 568: Class vkUserContolsXP.vkLabel of control lblArrears was not a loaded control class.
Line 589: Class vkUserContolsXP.vkLabel of control vkLabel1 was not a loaded control class.
Line 610: Class vkUserContolsXP.vkLabel of control vkLabel1 was not a loaded control class.
Line 631: Class vkUserContolsXP.vkLabel of control vkLabel1 was not a loaded control class.
Line 652: Class vkUserContolsXP.vkLabel of control vkLabel1 was not a loaded control class.
Line 673: Class vkUserContolsXP.vkLabel of control vkLabel1 was not a loaded control class.
Line 694: Class vkUserContolsXP.vkLabel of control vkLabel1 was not a loaded control class.
Line 715: Class vkUserContolsXP.vkLabel of control vkLabel1 was not a loaded control class.
Line 736: Class vkUserContolsXP.vkLabel of control vkLabel1 was not a loaded control class.
Line 757: Class vkUserContolsXP.vkLabel of control vkLabel1 was not a loaded control class.
Line 778: Class vkUserContolsXP.vkLabel of control vkLabel2 was not a loaded control class.
Line 799: Class vkUserContolsXP.vkLabel of control vkLabel2 was not a loaded control class.
Line 820: Class vkUserContolsXP.vkLabel of control vkLabel2 was not a loaded control class.
Line 841: Class vkUserContolsXP.vkLabel of control vkLabel2 was not a loaded control class.
Line 862: Class vkUserContolsXP.vkLabel of control vkLabel6 was not a loaded control class.
Line 882: Class vkUserContolsXP.vkLabel of control vkLabel5 was not a loaded control class.
Line 902: Class vkUserContolsXP.vkLabel of control vkLabel4 was not a loaded control class.
Line 922: Class vkUserContolsXP.vkLabel of control vkLabel3 was not a loaded control class.
Line 942: Class vkUserContolsXP.vkLabel of control vkLabel7 was not a loaded control class.
Line 962: Class vkUserContolsXP.vkLabel of control vkLabel2 was not a loaded control class.
Line 983: Class vkUserContolsXP.vkLabel of control vkLabel2 was not a loaded control class.
Line 1004: Class vkUserContolsXP.vkLabel of control vkLabel2 was not a loaded control class.
Line 1025: Class vkUserContolsXP.vkLabel of control vkLabel2 was not a loaded control class.
Line 1046: Class vkUserContolsXP.vkLabel of control vkLabel2 was not a loaded control class.
Line 1067: Class vkUserContolsXP.vkLabel of control vkLabel2 was not a loaded control class.
Line 1088: Class vkUserContolsXP.vkLabel of control vkLabel1 was not a loaded control class.
Line 1116: Class MSHierarchicalFlexGridLib.MSHFlexGrid of control MSHFlexGrid2 was not a loaded control class.
Line 21: The property name _ExtentX in ThemedComboBox1 is invalid.
Line 22: The property name _ExtentY in ThemedComboBox1 is invalid.
Line 30: The property name _ExtentX in cmdPrint is invalid.
Line 31: The property name _ExtentY in cmdPrint is invalid.
Line 32: The property name Caption in cmdPrint is invalid.
Line 49: The property name _ExtentX in cmdOrder is invalid.
Line 50: The property name _ExtentY in cmdOrder is invalid.
Line 51: The property name Caption in cmdOrder is invalid.
Line 68: The property name _ExtentX in cmdOK is invalid.
Line 69: The property name _ExtentY in cmdOK is invalid.
Line 70: The property name Caption in cmdOK is invalid.
Line 87: The property name _ExtentX in fReport is invalid.
Line 88: The property name _ExtentY in fReport is invalid.
Line 89: The property name Caption in fReport is invalid.
Line 99: The property name TitleGradient in fReport is invalid.
Line 100: The property name TitleHeight in fReport is invalid.
Line 108: The property name _ExtentX in lblSec is invalid.
Line 109: The property name _ExtentY in lblSec is invalid.
Line 110: The property name BackStyle in lblSec is invalid.
Line 111: The property name Caption in lblSec is invalid.
Line 144: The property name _ExtentX in lblSem is invalid.
Line 145: The property name _ExtentY in lblSem is invalid.
Line 146: The property name BackStyle in lblSem is invalid.
Line 147: The property name Caption in lblSem is invalid.
Line 164: The property name _ExtentX in lblBatch is invalid.
Line 165: The property name _ExtentY in lblBatch is invalid.
Line 166: The property name BackStyle in lblBatch is invalid.
Line 167: The property name Caption in lblBatch is invalid.
Line 184: The property name _ExtentX in lblDept is invalid.
Line 185: The property name _ExtentY in lblDept is invalid.
Line 186: The property name BackStyle in lblDept is invalid.
Line 187: The property name Caption in lblDept is invalid.
Line 222: The property name _ExtentX in cmdClose is invalid.
Line 223: The property name _ExtentY in cmdClose is invalid.
Line 224: The property name Caption in cmdClose is invalid.
Line 225: The property name CaptionDisableColor in cmdClose is invalid.
Line 226: The property name CaptionEffectColor in cmdClose is invalid.
Line 227: The property name FocusDottedRect in cmdClose is invalid.
Line 237: The property name RoundedValue in cmdClose is invalid.
Line 245: The property name _ExtentX in cmdMin is invalid.
Line 246: The property name _ExtentY in cmdMin is invalid.
Line 247: The property name Caption in cmdMin is invalid.
Line 248: The property name CaptionDisableColor in cmdMin is invalid.
Line 249: The property name CaptionEffectColor in cmdMin is invalid.
Line 250: The property name FocusDottedRect in cmdMin is invalid.
Line 260: The property name RoundedValue in cmdMin is invalid.
Line 269: The property name _ExtentX in frameStudName is invalid.
Line 270: The property name _ExtentY in frameStudName is invalid.
Line 280: The property name TitleGradient in frameStudName is invalid.
Line 281: The property name TitleHeight in frameStudName is invalid.
Line 290: The property name _ExtentX in lblInfo is invalid.
Line 291: The property name _ExtentY in lblInfo is invalid.
Line 292: The property name BackStyle in lblInfo is invalid.
Line 293: The property name Caption in lblInfo is invalid.
Line 303: The property name Alignment in lblInfo is invalid.
Line 312: The property name _ExtentX in lblPassPercentage is invalid.
Line 313: The property name _ExtentY in lblPassPercentage is invalid.
Line 314: The property name BackStyle in lblPassPercentage is invalid.
Line 315: The property name Caption in lblPassPercentage is invalid.
Line 325: The property name Alignment in lblPassPercentage is invalid.
Line 358: The property name _ExtentX in MSHFlexGrid3 is invalid.
Line 359: The property name _ExtentY in MSHFlexGrid3 is invalid.
Line 360: The property name _Version in MSHFlexGrid3 is invalid.
Line 362: The property name Rows in MSHFlexGrid3 is invalid.
Line 363: The property name Cols in MSHFlexGrid3 is invalid.
Line 364: The property name FixedRows in MSHFlexGrid3 is invalid.
Line 365: The property name ForeColorFixed in MSHFlexGrid3 is invalid.
Line 366: The property name BackColorSel in MSHFlexGrid3 is invalid.
Line 367: The property name GridColor in MSHFlexGrid3 is invalid.
Line 368: The property name FocusRect in MSHFlexGrid3 is invalid.
Line 369: The property name HighLight in MSHFlexGrid3 is invalid.
Line 370: The property name ScrollBars in MSHFlexGrid3 is invalid.
Line 380: The property name _NumberOfBands in MSHFlexGrid3 is invalid.
Line 381: The property name _Band(0).Cols in MSHFlexGrid3 is invalid.
Line 389: The property name _ExtentX in btnUp is invalid.
Line 390: The property name _ExtentY in btnUp is invalid.
Line 391: The property name Caption in btnUp is invalid.
Line 392: The property name CaptionDisableColor in btnUp is invalid.
Line 393: The property name CaptionEffectColor in btnUp is invalid.
Line 394: The property name FocusDottedRect in btnUp is invalid.
Line 411: The property name _ExtentX in btnDown is invalid.
Line 412: The property name _ExtentY in btnDown is invalid.
Line 413: The property name Caption in btnDown is invalid.
Line 414: The property name CaptionDisableColor in btnDown is invalid.
Line 415: The property name CaptionEffectColor in btnDown is invalid.
Line 416: The property name FocusDottedRect in btnDown is invalid.
Line 451: The property name _ExtentX in vkFrame2 is invalid.
Line 452: The property name _ExtentY in vkFrame2 is invalid.
Line 453: The property name Caption in vkFrame2 is invalid.
Line 463: The property name TitleGradient in vkFrame2 is invalid.
Line 464: The property name TitleHeight in vkFrame2 is invalid.
Line 471: The property name _ExtentX in cmdBest is invalid.
Line 472: The property name _ExtentY in cmdBest is invalid.
Line 473: The property name Caption in cmdBest is invalid.
Line 491: The property name _ExtentX in lblArrears is invalid.
Line 492: The property name _ExtentY in lblArrears is invalid.
Line 493: The property name BackStyle in lblArrears is invalid.
Line 494: The property name Caption in lblArrears is invalid.
Line 512: The property name _ExtentX in lblArrears is invalid.
Line 513: The property name _ExtentY in lblArrears is invalid.
Line 514: The property name BackStyle in lblArrears is invalid.
Line 515: The property name Caption in lblArrears is invalid.
Line 533: The property name _ExtentX in lblArrears is invalid.
Line 534: The property name _ExtentY in lblArrears is invalid.
Line 535: The property name BackStyle in lblArrears is invalid.
Line 536: The property name Caption in lblArrears is invalid.
Line 554: The property name _ExtentX in lblArrears is invalid.
Line 555: The property name _ExtentY in lblArrears is invalid.
Line 556: The property name BackStyle in lblArrears is invalid.
Line 557: The property name Caption in lblArrears is invalid.
Line 575: The property name _ExtentX in lblArrears is invalid.
Line 576: The property name _ExtentY in lblArrears is invalid.
Line 577: The property name BackStyle in lblArrears is invalid.
Line 578: The property name Caption in lblArrears is invalid.
Line 596: The property name _ExtentX in vkLabel1 is invalid.
Line 597: The property name _ExtentY in vkLabel1 is invalid.
Line 598: The property name BackStyle in vkLabel1 is invalid.
Line 599: The property name Caption in vkLabel1 is invalid.
Line 617: The property name _ExtentX in vkLabel1 is invalid.
Line 618: The property name _ExtentY in vkLabel1 is invalid.
Line 619: The property name BackStyle in vkLabel1 is invalid.
Line 620: The property name Caption in vkLabel1 is invalid.
Line 638: The property name _ExtentX in vkLabel1 is invalid.
Line 639: The property name _ExtentY in vkLabel1 is invalid.
Line 640: The property name BackStyle in vkLabel1 is invalid.
Line 641: The property name Caption in vkLabel1 is invalid.
Line 659: The property name _ExtentX in vkLabel1 is invalid.
Line 660: The property name _ExtentY in vkLabel1 is invalid.
Line 661: The property name BackStyle in vkLabel1 is invalid.
Line 662: The property name Caption in vkLabel1 is invalid.
Line 680: The property name _ExtentX in vkLabel1 is invalid.
Line 681: The property name _ExtentY in vkLabel1 is invalid.
Line 682: The property name BackStyle in vkLabel1 is invalid.
Line 683: The property name Caption in vkLabel1 is invalid.
Line 701: The property name _ExtentX in vkLabel1 is invalid.
Line 702: The property name _ExtentY in vkLabel1 is invalid.
Line 703: The property name BackStyle in vkLabel1 is invalid.
Line 704: The property name Caption in vkLabel1 is invalid.
Line 722: The property name _ExtentX in vkLabel1 is invalid.
Line 723: The property name _ExtentY in vkLabel1 is invalid.
Line 724: The property name BackStyle in vkLabel1 is invalid.
Line 725: The property name Caption in vkLabel1 is invalid.
Line 743: The property name _ExtentX in vkLabel1 is invalid.
Line 744: The property name _ExtentY in vkLabel1 is invalid.
Line 745: The property name BackStyle in vkLabel1 is invalid.
Line 746: The property name Caption in vkLabel1 is invalid.
Line 764: The property name _ExtentX in vkLabel1 is invalid.
Line 765: The property name _ExtentY in vkLabel1 is invalid.
Line 766: The property name BackStyle in vkLabel1 is invalid.
Line 767: The property name Caption in vkLabel1 is invalid.
Line 785: The property name _ExtentX in vkLabel2 is invalid.
Line 786: The property name _ExtentY in vkLabel2 is invalid.
Line 787: The property name BackStyle in vkLabel2 is invalid.
Line 788: The property name Caption in vkLabel2 is invalid.
Line 806: The property name _ExtentX in vkLabel2 is invalid.
Line 807: The property name _ExtentY in vkLabel2 is invalid.
Line 808: The property name BackStyle in vkLabel2 is invalid.
Line 809: The property name Caption in vkLabel2 is invalid.
Line 827: The property name _ExtentX in vkLabel2 is invalid.
Line 828: The property name _ExtentY in vkLabel2 is invalid.
Line 829: The property name BackStyle in vkLabel2 is invalid.
Line 830: The property name Caption in vkLabel2 is invalid.
Line 848: The property name _ExtentX in vkLabel2 is invalid.
Line 849: The property name _ExtentY in vkLabel2 is invalid.
Line 850: The property name BackStyle in vkLabel2 is invalid.
Line 851: The property name Caption in vkLabel2 is invalid.
Line 868: The property name _ExtentX in vkLabel6 is invalid.
Line 869: The property name _ExtentY in vkLabel6 is invalid.
Line 870: The property name BackStyle in vkLabel6 is invalid.
Line 871: The property name Caption in vkLabel6 is invalid.
Line 888: The property name _ExtentX in vkLabel5 is invalid.
Line 889: The property name _ExtentY in vkLabel5 is invalid.
Line 890: The property name BackStyle in vkLabel5 is invalid.
Line 891: The property name Caption in vkLabel5 is invalid.
Line 908: The property name _ExtentX in vkLabel4 is invalid.
Line 909: The property name _ExtentY in vkLabel4 is invalid.
Line 910: The property name BackStyle in vkLabel4 is invalid.
Line 911: The property name Caption in vkLabel4 is invalid.
Line 928: The property name _ExtentX in vkLabel3 is invalid.
Line 929: The property name _ExtentY in vkLabel3 is invalid.
Line 930: The property name BackStyle in vkLabel3 is invalid.
Line 931: The property name Caption in vkLabel3 is invalid.
Line 948: The property name _ExtentX in vkLabel7 is invalid.
Line 949: The property name _ExtentY in vkLabel7 is invalid.
Line 950: The property name BackStyle in vkLabel7 is invalid.
Line 951: The property name Caption in vkLabel7 is invalid.
Line 969: The property name _ExtentX in vkLabel2 is invalid.
Line 970: The property name _ExtentY in vkLabel2 is invalid.
Line 971: The property name BackStyle in vkLabel2 is invalid.
Line 972: The property name Caption in vkLabel2 is invalid.
Line 990: The property name _ExtentX in vkLabel2 is invalid.
Line 991: The property name _ExtentY in vkLabel2 is invalid.
Line 992: The property name BackStyle in vkLabel2 is invalid.
Line 993: The property name Caption in vkLabel2 is invalid.
Line 1011: The property name _ExtentX in vkLabel2 is invalid.
Line 1012: The property name _ExtentY in vkLabel2 is invalid.
Line 1013: The property name BackStyle in vkLabel2 is invalid.
Line 1014: The property name Caption in vkLabel2 is invalid.
Line 1032: The property name _ExtentX in vkLabel2 is invalid.
Line 1033: The property name _ExtentY in vkLabel2 is invalid.
Line 1034: The property name BackStyle in vkLabel2 is invalid.
Line 1035: The property name Caption in vkLabel2 is invalid.
Line 1053: The property name _ExtentX in vkLabel2 is invalid.
Line 1054: The property name _ExtentY in vkLabel2 is invalid.
Line 1055: The property name BackStyle in vkLabel2 is invalid.
Line 1056: The property name Caption in vkLabel2 is invalid.
Line 1074: The property name _ExtentX in vkLabel2 is invalid.
Line 1075: The property name _ExtentY in vkLabel2 is invalid.
Line 1076: The property name BackStyle in vkLabel2 is invalid.
Line 1077: The property name Caption in vkLabel2 is invalid.
Line 1095: The property name _ExtentX in vkLabel1 is invalid.
Line 1096: The property name _ExtentY in vkLabel1 is invalid.
Line 1097: The property name BackStyle in vkLabel1 is invalid.
Line 1098: The property name Caption in vkLabel1 is invalid.
Line 1123: The property name _ExtentX in MSHFlexGrid2 is invalid.
Line 1124: The property name _ExtentY in MSHFlexGrid2 is invalid.
Line 1125: The property name _Version in MSHFlexGrid2 is invalid.
Line 1127: The property name Cols in MSHFlexGrid2 is invalid.
Line 1128: The property name FixedCols in MSHFlexGrid2 is invalid.
Line 1129: The property name ForeColorFixed in MSHFlexGrid2 is invalid.
Line 1130: The property name BackColorSel in MSHFlexGrid2 is invalid.
Line 1131: The property name ForeColorSel in MSHFlexGrid2 is invalid.
Line 1132: The property name BackColorBkg in MSHFlexGrid2 is invalid.
Line 1133: The property name GridColor in MSHFlexGrid2 is invalid.
Line 1134: The property name GridLinesFixed in MSHFlexGrid2 is invalid.
Line 1135: The property name ScrollBars in MSHFlexGrid2 is invalid.
Line 1136: The property name BandDisplay in MSHFlexGrid2 is invalid.
Line 1154: The property name FontFixed in MSHFlexGrid2 is invalid.
Line 1155: The property name _NumberOfBands in MSHFlexGrid2 is invalid.
Line 1156: The property name _Band(0).Cols in MSHFlexGrid2 is invalid.
Line 1157: The property name _Band(0).GridLinesBand in MSHFlexGrid2 is invalid.
Line 1158: The property name _Band(0).TextStyleBand in MSHFlexGrid2 is invalid.
Line 1159: The property name _Band(0).TextStyleHeader in MSHFlexGrid2 is invalid.
